<?xml version="1.0" encoding="UTF-8"?>
<testsuite name="com.example.project.TestRepair" tests="2" skipped="0" failures="0" errors="0" timestamp="2025-02-22T17:57:10" hostname="codespaces-57002d" time="0.038">
  <properties/>
  <testcase name="testAddRepairPARTA()" classname="com.example.project.TestRepair" time="0.002"/>
  <testcase name="testAvailableMechanicsPARTB()" classname="com.example.project.TestRepair" time="0.025"/>
  <system-out><![CDATA[
0
01
012
]]></system-out>
  <system-err><![CDATA[]]></system-err>
</testsuite>
