<?xml version="1.0" encoding="UTF-8"?>
<testsuite name="com.example.project.TestSpellChecker" tests="5" skipped="0" failures="0" errors="0" timestamp="2025-02-22T17:57:10" hostname="codespaces-57002d" time="0.75">
  <properties/>
  <testcase name="testLinearSearchInList()" classname="com.example.project.TestSpellChecker" time="0.01"/>
  <testcase name="testBinarySearchInList2()" classname="com.example.project.TestSpellChecker" time="0.001"/>
  <testcase name="testBinarySearchNotInList()" classname="com.example.project.TestSpellChecker" time="0.002"/>
  <testcase name="testLinearSearchNotInList()" classname="com.example.project.TestSpellChecker" time="0.009"/>
  <testcase name="testBinarySearchInList()" classname="com.example.project.TestSpellChecker" time="0.002"/>
  <system-out><![CDATA[
dictionary.txt file imported successfully!
-- LINEAR SEARCH: Number of words checked (loop iterations): 44357

dictionary.txt file imported successfully!
63571

dictionary.txt file imported successfully!
63571
31785
15892
23838
19865
17878
16885
16388
16636
16512
16450
16419
16434
16442
16446
16448
16447

dictionary.txt file imported successfully!
-- LINEAR SEARCH: Number of words checked (loop iterations): 127143

dictionary.txt file imported successfully!
63571
31785
47678
39731
43704
45691
44697
44200
44448
44324
44386
44355
44370
44362
44358
44356
]]></system-out>
  <system-err><![CDATA[]]></system-err>
</testsuite>
